# JRE version: Java(TM) SE Runtime Environment (21.0.7+8) (build 21.0.7+8-LTS-245)
# Java VM: Java HotSpot(TM) 64-Bit Server VM (21.0.7+8-LTS-245, mixed mode, sharing, tiered, compressed oops, compressed class ptrs, g1 gc, windows-amd64)
GC Precious Log:
 CardTable entry size: 512
 Card Set container configuration: InlinePtr #cards 4 size 8 Array Of Cards #cards 16 size 48 Howl #buckets 8 coarsen threshold 3686 Howl Bitmap #cards 512 size 80 coarsen threshold 460 Card regions per heap region 1 cards per card region 4096
 CPUs: 12 total, 12 available
 Memory: 16085M
 Large Page Support: Disabled
 NUMA Support: Disabled
 Compressed Oops: Enabled (Zero based)
 Heap Region Size: 2M
 Heap Min Capacity: 8M
 Heap Initial Capacity: 252M
 Heap Max Capacity: 4022M
 Pre-touch: Disabled
 Parallel Workers: 10
 Concurrent Workers: 3
 Concurrent Refinement Workers: 10
 Periodic GC: Disabled
Heap:
 garbage-first heap   total 382976K, used 329416K [0x0000000704a00000, 0x0000000800000000)
  region size 2048K, 34 young (69632K), 4 survivors (8192K)
 Metaspace       used 52671K, committed 53184K, reserved 1114112K
  class space    used 7235K, committed 7488K, reserved 1048576K
GC Heap History (20 events):
Event: 1.751 GC heap before
{Heap before GC invocations=1 (full 0):
 garbage-first heap   total 258048K, used 39669K [0x0000000704a00000, 0x0000000800000000)
  region size 2048K, 21 young (43008K), 2 survivors (4096K)
 Metaspace       used 12771K, committed 13056K, reserved 1114112K
  class space    used 1612K, committed 1792K, reserved 1048576K
}
Event: 1.759 GC heap after
{Heap after GC invocations=2 (full 0):
 garbage-first heap   total 258048K, used 7000K [0x0000000704a00000, 0x0000000800000000)
  region size 2048K, 3 young (6144K), 3 survivors (6144K)
 Metaspace       used 12771K, committed 13056K, reserved 1114112K
  class space    used 1612K, committed 1792K, reserved 1048576K
}
Event: 2.556 GC heap before
{Heap before GC invocations=2 (full 0):
 garbage-first heap   total 258048K, used 23384K [0x0000000704a00000, 0x0000000800000000)
  region size 2048K, 13 young (26624K), 3 survivors (6144K)
 Metaspace       used 21288K, committed 21504K, reserved 1114112K
  class space    used 2602K, committed 2688K, reserved 1048576K
}
Event: 2.563 GC heap after
{Heap after GC invocations=3 (full 0):
 garbage-first heap   total 258048K, used 10065K [0x0000000704a00000, 0x0000000800000000)
  region size 2048K, 5 young (10240K), 5 survivors (10240K)
 Metaspace       used 21288K, committed 21504K, reserved 1114112K
  class space    used 2602K, committed 2688K, reserved 1048576K
}
Event: 3.072 GC heap before
{Heap before GC invocations=4 (full 0):
 garbage-first heap   total 49152K, used 46929K [0x0000000704a00000, 0x0000000800000000)
  region size 2048K, 23 young (47104K), 5 survivors (10240K)
 Metaspace       used 29141K, committed 29504K, reserved 1114112K
  class space    used 3796K, committed 3968K, reserved 1048576K
}
Event: 3.081 GC heap after
{Heap after GC invocations=5 (full 0):
 garbage-first heap   total 59392K, used 11017K [0x0000000704a00000, 0x0000000800000000)
  region size 2048K, 5 young (10240K), 5 survivors (10240K)
 Metaspace       used 29141K, committed 29504K, reserved 1114112K
  class space    used 3796K, committed 3968K, reserved 1048576K
}
Event: 3.682 GC heap before
{Heap before GC invocations=5 (full 0):
 garbage-first heap   total 59392K, used 35593K [0x0000000704a00000, 0x0000000800000000)
  region size 2048K, 17 young (34816K), 5 survivors (10240K)
 Metaspace       used 33058K, committed 33408K, reserved 1114112K
  class space    used 4367K, committed 4544K, reserved 1048576K
}
Event: 3.694 GC heap after
{Heap after GC invocations=6 (full 0):
 garbage-first heap   total 59392K, used 12388K [0x0000000704a00000, 0x0000000800000000)
  region size 2048K, 2 young (4096K), 2 survivors (4096K)
 Metaspace       used 33058K, committed 33408K, reserved 1114112K
  class space    used 4367K, committed 4544K, reserved 1048576K
}
Event: 3.924 GC heap before
{Heap before GC invocations=6 (full 0):
 garbage-first heap   total 59392K, used 20580K [0x0000000704a00000, 0x0000000800000000)
  region size 2048K, 7 young (14336K), 2 survivors (4096K)
 Metaspace       used 34995K, committed 35328K, reserved 1114112K
  class space    used 4658K, committed 4800K, reserved 1048576K
}
Event: 3.928 GC heap after
{Heap after GC invocations=7 (full 0):
 garbage-first heap   total 59392K, used 12479K [0x0000000704a00000, 0x0000000800000000)
  region size 2048K, 2 young (4096K), 2 survivors (4096K)
 Metaspace       used 34995K, committed 35328K, reserved 1114112K
  class space    used 4658K, committed 4800K, reserved 1048576K
}
Event: 4.401 GC heap before
{Heap before GC invocations=7 (full 0):
 garbage-first heap   total 114688K, used 69823K [0x0000000704a00000, 0x0000000800000000)
  region size 2048K, 4 young (8192K), 2 survivors (4096K)
 Metaspace       used 35683K, committed 36096K, reserved 1114112K
  class space    used 4800K, committed 4992K, reserved 1048576K
}
Event: 4.404 GC heap after
{Heap after GC invocations=8 (full 0):
 garbage-first heap   total 172032K, used 68019K [0x0000000704a00000, 0x0000000800000000)
  region size 2048K, 2 young (4096K), 2 survivors (4096K)
 Metaspace       used 35683K, committed 36096K, reserved 1114112K
  class space    used 4800K, committed 4992K, reserved 1048576K
}
Event: 4.676 GC heap before
{Heap before GC invocations=9 (full 0):
 garbage-first heap   total 172032K, used 76211K [0x0000000704a00000, 0x0000000800000000)
  region size 2048K, 7 young (14336K), 2 survivors (4096K)
 Metaspace       used 36833K, committed 37312K, reserved 1114112K
  class space    used 5041K, committed 5248K, reserved 1048576K
}
Event: 4.681 GC heap after
{Heap after GC invocations=10 (full 0):
 garbage-first heap   total 172032K, used 69894K [0x0000000704a00000, 0x0000000800000000)
  region size 2048K, 3 young (6144K), 3 survivors (6144K)
 Metaspace       used 36833K, committed 37312K, reserved 1114112K
  class space    used 5041K, committed 5248K, reserved 1048576K
}
Event: 5.340 GC heap before
{Heap before GC invocations=10 (full 0):
 garbage-first heap   total 172032K, used 116998K [0x0000000704a00000, 0x0000000800000000)
  region size 2048K, 17 young (34816K), 3 survivors (6144K)
 Metaspace       used 41782K, committed 42240K, reserved 1114112K
  class space    used 6003K, committed 6208K, reserved 1048576K
}
Event: 5.349 GC heap after
{Heap after GC invocations=11 (full 0):
 garbage-first heap   total 172032K, used 92533K [0x0000000704a00000, 0x0000000800000000)
  region size 2048K, 4 young (8192K), 4 survivors (8192K)
 Metaspace       used 41782K, committed 42240K, reserved 1114112K
  class space    used 6003K, committed 6208K, reserved 1048576K
}
Event: 10.149 GC heap before
{Heap before GC invocations=12 (full 0):
 garbage-first heap   total 172032K, used 96629K [0x0000000704a00000, 0x0000000800000000)
  region size 2048K, 6 young (12288K), 4 survivors (8192K)
 Metaspace       used 42254K, committed 42752K, reserved 1114112K
  class space    used 6028K, committed 6272K, reserved 1048576K
}
Event: 10.154 GC heap after
{Heap after GC invocations=13 (full 0):
 garbage-first heap   total 172032K, used 94874K [0x0000000704a00000, 0x0000000800000000)
  region size 2048K, 3 young (6144K), 3 survivors (6144K)
 Metaspace       used 42254K, committed 42752K, reserved 1114112K
  class space    used 6028K, committed 6272K, reserved 1048576K
}
Event: 38.328 GC heap before
{Heap before GC invocations=14 (full 0):
 garbage-first heap   total 217088K, used 213658K [0x0000000704a00000, 0x0000000800000000)
  region size 2048K, 27 young (55296K), 3 survivors (6144K)
 Metaspace       used 49678K, committed 50176K, reserved 1114112K
  class space    used 7010K, committed 7232K, reserved 1048576K
}
Event: 38.337 GC heap after
{Heap after GC invocations=15 (full 0):
 garbage-first heap   total 382976K, used 167624K [0x0000000704a00000, 0x0000000800000000)
  region size 2048K, 4 young (8192K), 4 survivors (8192K)
 Metaspace       used 49678K, committed 50176K, reserved 1114112K
  class space    used 7010K, committed 7232K, reserved 1048576K
}

