# JRE version: Java(TM) SE Runtime Environment (21.0.7+8) (build 21.0.7+8-LTS-245)
# Java VM: Java HotSpot(TM) 64-Bit Server VM (21.0.7+8-LTS-245, mixed mode, sharing, tiered, compressed oops, compressed class ptrs, g1 gc, windows-amd64)
GC Precious Log:
 CardTable entry size: 512
 Card Set container configuration: InlinePtr #cards 4 size 8 Array Of Cards #cards 16 size 48 Howl #buckets 8 coarsen threshold 3686 Howl Bitmap #cards 512 size 80 coarsen threshold 460 Card regions per heap region 1 cards per card region 4096
 CPUs: 12 total, 12 available
 Memory: 16085M
 Large Page Support: Disabled
 NUMA Support: Disabled
 Compressed Oops: Enabled (Zero based)
 Heap Region Size: 2M
 Heap Min Capacity: 8M
 Heap Initial Capacity: 252M
 Heap Max Capacity: 4022M
 Pre-touch: Disabled
 Parallel Workers: 10
 Concurrent Workers: 3
 Concurrent Refinement Workers: 10
 Periodic GC: Disabled
Heap:
 garbage-first heap   total 473088K, used 189640K [0x0000000704a00000, 0x0000000800000000)
  region size 2048K, 10 young (20480K), 3 survivors (6144K)
 Metaspace       used 51362K, committed 51840K, reserved 1114112K
  class space    used 7150K, committed 7360K, reserved 1048576K
GC Heap History (20 events):
Event: 4.559 GC heap before
{Heap before GC invocations=9 (full 0):
 garbage-first heap   total 153600K, used 75884K [0x0000000704a00000, 0x0000000800000000)
  region size 2048K, 7 young (14336K), 2 survivors (4096K)
 Metaspace       used 36870K, committed 37312K, reserved 1114112K
  class space    used 5040K, committed 5248K, reserved 1048576K
}
Event: 4.565 GC heap after
{Heap after GC invocations=10 (full 0):
 garbage-first heap   total 153600K, used 69571K [0x0000000704a00000, 0x0000000800000000)
  region size 2048K, 3 young (6144K), 3 survivors (6144K)
 Metaspace       used 36870K, committed 37312K, reserved 1114112K
  class space    used 5040K, committed 5248K, reserved 1048576K
}
Event: 5.149 GC heap before
{Heap before GC invocations=10 (full 0):
 garbage-first heap   total 153600K, used 116675K [0x0000000704a00000, 0x0000000800000000)
  region size 2048K, 17 young (34816K), 3 survivors (6144K)
 Metaspace       used 41763K, committed 42176K, reserved 1114112K
  class space    used 5998K, committed 6208K, reserved 1048576K
}
Event: 5.155 GC heap after
{Heap after GC invocations=11 (full 0):
 garbage-first heap   total 153600K, used 92108K [0x0000000704a00000, 0x0000000800000000)
  region size 2048K, 3 young (6144K), 3 survivors (6144K)
 Metaspace       used 41763K, committed 42176K, reserved 1114112K
  class space    used 5998K, committed 6208K, reserved 1048576K
}
Event: 10.459 GC heap before
{Heap before GC invocations=12 (full 0):
 garbage-first heap   total 180224K, used 176076K [0x0000000704a00000, 0x0000000800000000)
  region size 2048K, 9 young (18432K), 3 survivors (6144K)
 Metaspace       used 42754K, committed 43264K, reserved 1114112K
  class space    used 6090K, committed 6336K, reserved 1048576K
}
Event: 10.464 GC heap after
{Heap after GC invocations=13 (full 0):
 garbage-first heap   total 186368K, used 164262K [0x0000000704a00000, 0x0000000800000000)
  region size 2048K, 2 young (4096K), 2 survivors (4096K)
 Metaspace       used 42754K, committed 43264K, reserved 1114112K
  class space    used 6090K, committed 6336K, reserved 1048576K
}
Event: 10.518 GC heap before
{Heap before GC invocations=13 (full 0):
 garbage-first heap   total 186368K, used 168358K [0x0000000704a00000, 0x0000000800000000)
  region size 2048K, 4 young (8192K), 2 survivors (4096K)
 Metaspace       used 43599K, committed 44096K, reserved 1114112K
  class space    used 6160K, committed 6400K, reserved 1048576K
}
Event: 10.522 GC heap after
{Heap after GC invocations=14 (full 0):
 garbage-first heap   total 186368K, used 164023K [0x0000000704a00000, 0x0000000800000000)
  region size 2048K, 1 young (2048K), 1 survivors (2048K)
 Metaspace       used 43599K, committed 44096K, reserved 1114112K
  class space    used 6160K, committed 6400K, reserved 1048576K
}
Event: 10.616 GC heap before
{Heap before GC invocations=14 (full 0):
 garbage-first heap   total 186368K, used 168119K [0x0000000704a00000, 0x0000000800000000)
  region size 2048K, 4 young (8192K), 1 survivors (2048K)
 Metaspace       used 45136K, committed 45568K, reserved 1114112K
  class space    used 6328K, committed 6528K, reserved 1048576K
}
Event: 10.619 GC heap after
{Heap after GC invocations=15 (full 0):
 garbage-first heap   total 288768K, used 164344K [0x0000000704a00000, 0x0000000800000000)
  region size 2048K, 1 young (2048K), 1 survivors (2048K)
 Metaspace       used 45136K, committed 45568K, reserved 1114112K
  class space    used 6328K, committed 6528K, reserved 1048576K
}
Event: 13.905 GC heap before
{Heap before GC invocations=16 (full 0):
 garbage-first heap   total 288768K, used 188920K [0x0000000704a00000, 0x0000000800000000)
  region size 2048K, 15 young (30720K), 1 survivors (2048K)
 Metaspace       used 49497K, committed 49984K, reserved 1114112K
  class space    used 7009K, committed 7232K, reserved 1048576K
}
Event: 13.910 GC heap after
{Heap after GC invocations=17 (full 0):
 garbage-first heap   total 288768K, used 166975K [0x0000000704a00000, 0x0000000800000000)
  region size 2048K, 2 young (4096K), 2 survivors (4096K)
 Metaspace       used 49497K, committed 49984K, reserved 1114112K
  class space    used 7009K, committed 7232K, reserved 1048576K
}
Event: 32.119 GC heap before
{Heap before GC invocations=18 (full 0):
 garbage-first heap   total 290816K, used 183359K [0x0000000704a00000, 0x0000000800000000)
  region size 2048K, 9 young (18432K), 2 survivors (4096K)
 Metaspace       used 50673K, committed 51136K, reserved 1114112K
  class space    used 7072K, committed 7296K, reserved 1048576K
}
Event: 32.124 GC heap after
{Heap after GC invocations=19 (full 0):
 garbage-first heap   total 290816K, used 173223K [0x0000000704a00000, 0x0000000800000000)
  region size 2048K, 3 young (6144K), 3 survivors (6144K)
 Metaspace       used 50673K, committed 51136K, reserved 1114112K
  class space    used 7072K, committed 7296K, reserved 1048576K
}
Event: 32.150 GC heap before
{Heap before GC invocations=20 (full 0):
 garbage-first heap   total 301056K, used 177319K [0x0000000704a00000, 0x0000000800000000)
  region size 2048K, 4 young (8192K), 3 survivors (6144K)
 Metaspace       used 50683K, committed 51200K, reserved 1114112K
  class space    used 7073K, committed 7296K, reserved 1048576K
}
Event: 32.155 GC heap after
{Heap after GC invocations=21 (full 0):
 garbage-first heap   total 301056K, used 177186K [0x0000000704a00000, 0x0000000800000000)
  region size 2048K, 3 young (6144K), 3 survivors (6144K)
 Metaspace       used 50683K, committed 51200K, reserved 1114112K
  class space    used 7073K, committed 7296K, reserved 1048576K
}
Event: 32.208 GC heap before
{Heap before GC invocations=22 (full 0):
 garbage-first heap   total 331776K, used 195618K [0x0000000704a00000, 0x0000000800000000)
  region size 2048K, 4 young (8192K), 3 survivors (6144K)
 Metaspace       used 50683K, committed 51200K, reserved 1114112K
  class space    used 7073K, committed 7296K, reserved 1048576K
}
Event: 32.213 GC heap after
{Heap after GC invocations=23 (full 0):
 garbage-first heap   total 473088K, used 195839K [0x0000000704a00000, 0x0000000800000000)
  region size 2048K, 3 young (6144K), 3 survivors (6144K)
 Metaspace       used 50683K, committed 51200K, reserved 1114112K
  class space    used 7073K, committed 7296K, reserved 1048576K
}
Event: 38.059 GC heap before
{Heap before GC invocations=23 (full 0):
 garbage-first heap   total 473088K, used 269567K [0x0000000704a00000, 0x0000000800000000)
  region size 2048K, 7 young (14336K), 3 survivors (6144K)
 Metaspace       used 50887K, committed 51392K, reserved 1114112K
  class space    used 7081K, committed 7296K, reserved 1048576K
}
Event: 38.065 GC heap after
{Heap after GC invocations=24 (full 0):
 garbage-first heap   total 473088K, used 173256K [0x0000000704a00000, 0x0000000800000000)
  region size 2048K, 3 young (6144K), 3 survivors (6144K)
 Metaspace       used 50887K, committed 51392K, reserved 1114112K
  class space    used 7081K, committed 7296K, reserved 1048576K
}

