# JRE version: Java(TM) SE Runtime Environment (21.0.7+8) (build 21.0.7+8-LTS-245)
# Java VM: Java HotSpot(TM) 64-Bit Server VM (21.0.7+8-LTS-245, mixed mode, sharing, tiered, compressed oops, compressed class ptrs, g1 gc, windows-amd64)
GC Precious Log:
 CardTable entry size: 512
 Card Set container configuration: InlinePtr #cards 4 size 8 Array Of Cards #cards 16 size 48 Howl #buckets 8 coarsen threshold 3686 Howl Bitmap #cards 512 size 80 coarsen threshold 460 Card regions per heap region 1 cards per card region 4096
 CPUs: 12 total, 12 available
 Memory: 16085M
 Large Page Support: Disabled
 NUMA Support: Disabled
 Compressed Oops: Enabled (Zero based)
 Heap Region Size: 2M
 Heap Min Capacity: 8M
 Heap Initial Capacity: 252M
 Heap Max Capacity: 4022M
 Pre-touch: Disabled
 Parallel Workers: 10
 Concurrent Workers: 3
 Concurrent Refinement Workers: 10
 Periodic GC: Disabled
Heap:
 garbage-first heap   total 362496K, used 290337K [0x0000000704a00000, 0x0000000800000000)
  region size 2048K, 14 young (28672K), 1 survivors (2048K)
 Metaspace       used 55646K, committed 56192K, reserved 1114112K
  class space    used 7476K, committed 7744K, reserved 1048576K
GC Heap History (20 events):
Event: 4.631 GC heap before
{Heap before GC invocations=5 (full 0):
 garbage-first heap   total 61440K, used 35600K [0x0000000704a00000, 0x0000000800000000)
  region size 2048K, 18 young (36864K), 6 survivors (12288K)
 Metaspace       used 34527K, committed 34816K, reserved 1114112K
  class space    used 4314K, committed 4416K, reserved 1048576K
}
Event: 4.640 GC heap after
{Heap after GC invocations=6 (full 0):
 garbage-first heap   total 61440K, used 11324K [0x0000000704a00000, 0x0000000800000000)
  region size 2048K, 2 young (4096K), 2 survivors (4096K)
 Metaspace       used 34527K, committed 34816K, reserved 1114112K
  class space    used 4314K, committed 4416K, reserved 1048576K
}
Event: 4.845 GC heap before
{Heap before GC invocations=6 (full 0):
 garbage-first heap   total 61440K, used 21564K [0x0000000704a00000, 0x0000000800000000)
  region size 2048K, 8 young (16384K), 2 survivors (4096K)
 Metaspace       used 35661K, committed 35968K, reserved 1114112K
  class space    used 4450K, committed 4608K, reserved 1048576K
}
Event: 4.849 GC heap after
{Heap after GC invocations=7 (full 0):
 garbage-first heap   total 61440K, used 11477K [0x0000000704a00000, 0x0000000800000000)
  region size 2048K, 2 young (4096K), 2 survivors (4096K)
 Metaspace       used 35661K, committed 35968K, reserved 1114112K
  class space    used 4450K, committed 4608K, reserved 1048576K
}
Event: 6.051 GC heap before
{Heap before GC invocations=8 (full 0):
 garbage-first heap   total 110592K, used 99541K [0x0000000704a00000, 0x0000000800000000)
  region size 2048K, 18 young (36864K), 2 survivors (4096K)
 Metaspace       used 40874K, committed 41344K, reserved 1114112K
  class space    used 5331K, committed 5568K, reserved 1048576K
}
Event: 6.057 GC heap after
{Heap after GC invocations=9 (full 0):
 garbage-first heap   total 143360K, used 69569K [0x0000000704a00000, 0x0000000800000000)
  region size 2048K, 3 young (6144K), 3 survivors (6144K)
 Metaspace       used 40874K, committed 41344K, reserved 1114112K
  class space    used 5331K, committed 5568K, reserved 1048576K
}
Event: 14.881 GC heap before
{Heap before GC invocations=9 (full 0):
 garbage-first heap   total 149504K, used 145345K [0x0000000704a00000, 0x0000000800000000)
  region size 2048K, 21 young (43008K), 3 survivors (6144K)
 Metaspace       used 46666K, committed 47040K, reserved 1114112K
  class space    used 6352K, committed 6528K, reserved 1048576K
}
Event: 14.890 GC heap after
{Heap after GC invocations=10 (full 0):
 garbage-first heap   total 157696K, used 110455K [0x0000000704a00000, 0x0000000800000000)
  region size 2048K, 3 young (6144K), 3 survivors (6144K)
 Metaspace       used 46666K, committed 47040K, reserved 1114112K
  class space    used 6352K, committed 6528K, reserved 1048576K
}
Event: 14.892 GC heap before
{Heap before GC invocations=10 (full 0):
 garbage-first heap   total 157696K, used 110455K [0x0000000704a00000, 0x0000000800000000)
  region size 2048K, 4 young (8192K), 3 survivors (6144K)
 Metaspace       used 46667K, committed 47040K, reserved 1114112K
  class space    used 6352K, committed 6528K, reserved 1048576K
}
Event: 14.897 GC heap after
{Heap after GC invocations=11 (full 0):
 garbage-first heap   total 157696K, used 111352K [0x0000000704a00000, 0x0000000800000000)
  region size 2048K, 2 young (4096K), 2 survivors (4096K)
 Metaspace       used 46667K, committed 47040K, reserved 1114112K
  class space    used 6352K, committed 6528K, reserved 1048576K
}
Event: 14.916 GC heap before
{Heap before GC invocations=12 (full 0):
 garbage-first heap   total 194560K, used 113400K [0x0000000704a00000, 0x0000000800000000)
  region size 2048K, 3 young (6144K), 2 survivors (4096K)
 Metaspace       used 46668K, committed 47040K, reserved 1114112K
  class space    used 6352K, committed 6528K, reserved 1048576K
}
Event: 14.920 GC heap after
{Heap after GC invocations=13 (full 0):
 garbage-first heap   total 194560K, used 113082K [0x0000000704a00000, 0x0000000800000000)
  region size 2048K, 2 young (4096K), 2 survivors (4096K)
 Metaspace       used 46668K, committed 47040K, reserved 1114112K
  class space    used 6352K, committed 6528K, reserved 1048576K
}
Event: 14.969 GC heap before
{Heap before GC invocations=14 (full 0):
 garbage-first heap   total 198656K, used 115130K [0x0000000704a00000, 0x0000000800000000)
  region size 2048K, 4 young (8192K), 2 survivors (4096K)
 Metaspace       used 46786K, committed 47296K, reserved 1114112K
  class space    used 6376K, committed 6592K, reserved 1048576K
}
Event: 14.972 GC heap after
{Heap after GC invocations=15 (full 0):
 garbage-first heap   total 198656K, used 115516K [0x0000000704a00000, 0x0000000800000000)
  region size 2048K, 2 young (4096K), 2 survivors (4096K)
 Metaspace       used 46786K, committed 47296K, reserved 1114112K
  class space    used 6376K, committed 6592K, reserved 1048576K
}
Event: 15.005 GC heap before
{Heap before GC invocations=16 (full 0):
 garbage-first heap   total 202752K, used 117564K [0x0000000704a00000, 0x0000000800000000)
  region size 2048K, 3 young (6144K), 2 survivors (4096K)
 Metaspace       used 46793K, committed 47296K, reserved 1114112K
  class space    used 6377K, committed 6592K, reserved 1048576K
}
Event: 15.008 GC heap after
{Heap after GC invocations=17 (full 0):
 garbage-first heap   total 202752K, used 117540K [0x0000000704a00000, 0x0000000800000000)
  region size 2048K, 2 young (4096K), 2 survivors (4096K)
 Metaspace       used 46793K, committed 47296K, reserved 1114112K
  class space    used 6377K, committed 6592K, reserved 1048576K
}
Event: 15.969 GC heap before
{Heap before GC invocations=18 (full 0):
 garbage-first heap   total 204800K, used 203556K [0x0000000704a00000, 0x0000000800000000)
  region size 2048K, 21 young (43008K), 2 survivors (4096K)
 Metaspace       used 52912K, committed 53376K, reserved 1114112K
  class space    used 7188K, committed 7360K, reserved 1048576K
}
Event: 15.975 GC heap after
{Heap after GC invocations=19 (full 0):
 garbage-first heap   total 210944K, used 166606K [0x0000000704a00000, 0x0000000800000000)
  region size 2048K, 3 young (6144K), 3 survivors (6144K)
 Metaspace       used 52912K, committed 53376K, reserved 1114112K
  class space    used 7188K, committed 7360K, reserved 1048576K
}
Event: 22.435 GC heap before
{Heap before GC invocations=19 (full 0):
 garbage-first heap   total 210944K, used 172750K [0x0000000704a00000, 0x0000000800000000)
  region size 2048K, 7 young (14336K), 3 survivors (6144K)
 Metaspace       used 54143K, committed 54592K, reserved 1114112K
  class space    used 7336K, committed 7552K, reserved 1048576K
}
Event: 22.441 GC heap after
{Heap after GC invocations=20 (full 0):
 garbage-first heap   total 210944K, used 167457K [0x0000000704a00000, 0x0000000800000000)
  region size 2048K, 1 young (2048K), 1 survivors (2048K)
 Metaspace       used 54143K, committed 54592K, reserved 1114112K
  class space    used 7336K, committed 7552K, reserved 1048576K
}

