# JRE version: Java(TM) SE Runtime Environment (21.0.7+8) (build 21.0.7+8-LTS-245)
# Java VM: Java HotSpot(TM) 64-Bit Server VM (21.0.7+8-LTS-245, mixed mode, sharing, tiered, compressed oops, compressed class ptrs, g1 gc, windows-amd64)
GC Precious Log:
 CardTable entry size: 512
 Card Set container configuration: InlinePtr #cards 4 size 8 Array Of Cards #cards 16 size 48 Howl #buckets 8 coarsen threshold 3686 Howl Bitmap #cards 512 size 80 coarsen threshold 460 Card regions per heap region 1 cards per card region 4096
 CPUs: 12 total, 12 available
 Memory: 16085M
 Large Page Support: Disabled
 NUMA Support: Disabled
 Compressed Oops: Enabled (Zero based)
 Heap Region Size: 2M
 Heap Min Capacity: 8M
 Heap Initial Capacity: 252M
 Heap Max Capacity: 4022M
 Pre-touch: Disabled
 Parallel Workers: 10
 Concurrent Workers: 3
 Concurrent Refinement Workers: 10
 Periodic GC: Disabled
Heap:
 garbage-first heap   total 372736K, used 339775K [0x0000000704a00000, 0x0000000800000000)
  region size 2048K, 42 young (86016K), 5 survivors (10240K)
 Metaspace       used 52713K, committed 53248K, reserved 1114112K
  class space    used 7237K, committed 7488K, reserved 1048576K
GC Heap History (20 events):
Event: 2.035 GC heap before
{Heap before GC invocations=1 (full 0):
 garbage-first heap   total 258048K, used 39605K [0x0000000704a00000, 0x0000000800000000)
  region size 2048K, 21 young (43008K), 2 survivors (4096K)
 Metaspace       used 12793K, committed 13056K, reserved 1114112K
  class space    used 1613K, committed 1792K, reserved 1048576K
}
Event: 2.043 GC heap after
{Heap after GC invocations=2 (full 0):
 garbage-first heap   total 258048K, used 6490K [0x0000000704a00000, 0x0000000800000000)
  region size 2048K, 3 young (6144K), 3 survivors (6144K)
 Metaspace       used 12793K, committed 13056K, reserved 1114112K
  class space    used 1613K, committed 1792K, reserved 1048576K
}
Event: 2.915 GC heap before
{Heap before GC invocations=2 (full 0):
 garbage-first heap   total 258048K, used 24922K [0x0000000704a00000, 0x0000000800000000)
  region size 2048K, 13 young (26624K), 3 survivors (6144K)
 Metaspace       used 21326K, committed 21504K, reserved 1114112K
  class space    used 2603K, committed 2688K, reserved 1048576K
}
Event: 2.922 GC heap after
{Heap after GC invocations=3 (full 0):
 garbage-first heap   total 258048K, used 9805K [0x0000000704a00000, 0x0000000800000000)
  region size 2048K, 5 young (10240K), 5 survivors (10240K)
 Metaspace       used 21326K, committed 21504K, reserved 1114112K
  class space    used 2603K, committed 2688K, reserved 1048576K
}
Event: 3.393 GC heap before
{Heap before GC invocations=4 (full 0):
 garbage-first heap   total 49152K, used 46669K [0x0000000704a00000, 0x0000000800000000)
  region size 2048K, 23 young (47104K), 5 survivors (10240K)
 Metaspace       used 29179K, committed 29568K, reserved 1114112K
  class space    used 3795K, committed 3968K, reserved 1048576K
}
Event: 3.402 GC heap after
{Heap after GC invocations=5 (full 0):
 garbage-first heap   total 61440K, used 12252K [0x0000000704a00000, 0x0000000800000000)
  region size 2048K, 6 young (12288K), 6 survivors (12288K)
 Metaspace       used 29179K, committed 29568K, reserved 1114112K
  class space    used 3795K, committed 3968K, reserved 1048576K
}
Event: 4.158 GC heap before
{Heap before GC invocations=5 (full 0):
 garbage-first heap   total 61440K, used 36828K [0x0000000704a00000, 0x0000000800000000)
  region size 2048K, 18 young (36864K), 6 survivors (12288K)
 Metaspace       used 32946K, committed 33280K, reserved 1114112K
  class space    used 4345K, committed 4480K, reserved 1048576K
}
Event: 4.168 GC heap after
{Heap after GC invocations=6 (full 0):
 garbage-first heap   total 61440K, used 11839K [0x0000000704a00000, 0x0000000800000000)
  region size 2048K, 2 young (4096K), 2 survivors (4096K)
 Metaspace       used 32946K, committed 33280K, reserved 1114112K
  class space    used 4345K, committed 4480K, reserved 1048576K
}
Event: 4.485 GC heap before
{Heap before GC invocations=6 (full 0):
 garbage-first heap   total 61440K, used 20031K [0x0000000704a00000, 0x0000000800000000)
  region size 2048K, 7 young (14336K), 2 survivors (4096K)
 Metaspace       used 35027K, committed 35392K, reserved 1114112K
  class space    used 4658K, committed 4800K, reserved 1048576K
}
Event: 4.488 GC heap after
{Heap after GC invocations=7 (full 0):
 garbage-first heap   total 61440K, used 12244K [0x0000000704a00000, 0x0000000800000000)
  region size 2048K, 2 young (4096K), 2 survivors (4096K)
 Metaspace       used 35027K, committed 35392K, reserved 1114112K
  class space    used 4658K, committed 4800K, reserved 1048576K
}
Event: 5.105 GC heap before
{Heap before GC invocations=7 (full 0):
 garbage-first heap   total 116736K, used 69588K [0x0000000704a00000, 0x0000000800000000)
  region size 2048K, 4 young (8192K), 2 survivors (4096K)
 Metaspace       used 35731K, committed 36160K, reserved 1114112K
  class space    used 4804K, committed 4992K, reserved 1048576K
}
Event: 5.109 GC heap after
{Heap after GC invocations=8 (full 0):
 garbage-first heap   total 174080K, used 67594K [0x0000000704a00000, 0x0000000800000000)
  region size 2048K, 2 young (4096K), 2 survivors (4096K)
 Metaspace       used 35731K, committed 36160K, reserved 1114112K
  class space    used 4804K, committed 4992K, reserved 1048576K
}
Event: 5.335 GC heap before
{Heap before GC invocations=9 (full 0):
 garbage-first heap   total 174080K, used 75786K [0x0000000704a00000, 0x0000000800000000)
  region size 2048K, 7 young (14336K), 2 survivors (4096K)
 Metaspace       used 36853K, committed 37312K, reserved 1114112K
  class space    used 5037K, committed 5248K, reserved 1048576K
}
Event: 5.340 GC heap after
{Heap after GC invocations=10 (full 0):
 garbage-first heap   total 174080K, used 69385K [0x0000000704a00000, 0x0000000800000000)
  region size 2048K, 3 young (6144K), 3 survivors (6144K)
 Metaspace       used 36853K, committed 37312K, reserved 1114112K
  class space    used 5037K, committed 5248K, reserved 1048576K
}
Event: 6.009 GC heap before
{Heap before GC invocations=10 (full 0):
 garbage-first heap   total 174080K, used 116489K [0x0000000704a00000, 0x0000000800000000)
  region size 2048K, 17 young (34816K), 3 survivors (6144K)
 Metaspace       used 41754K, committed 42240K, reserved 1114112K
  class space    used 5996K, committed 6208K, reserved 1048576K
}
Event: 6.016 GC heap after
{Heap after GC invocations=11 (full 0):
 garbage-first heap   total 174080K, used 91939K [0x0000000704a00000, 0x0000000800000000)
  region size 2048K, 4 young (8192K), 4 survivors (8192K)
 Metaspace       used 41754K, committed 42240K, reserved 1114112K
  class space    used 5996K, committed 6208K, reserved 1048576K
}
Event: 12.060 GC heap before
{Heap before GC invocations=12 (full 0):
 garbage-first heap   total 174080K, used 96035K [0x0000000704a00000, 0x0000000800000000)
  region size 2048K, 6 young (12288K), 4 survivors (8192K)
 Metaspace       used 42257K, committed 42688K, reserved 1114112K
  class space    used 6025K, committed 6208K, reserved 1048576K
}
Event: 12.066 GC heap after
{Heap after GC invocations=13 (full 0):
 garbage-first heap   total 174080K, used 94424K [0x0000000704a00000, 0x0000000800000000)
  region size 2048K, 3 young (6144K), 3 survivors (6144K)
 Metaspace       used 42257K, committed 42688K, reserved 1114112K
  class space    used 6025K, committed 6208K, reserved 1048576K
}
Event: 16.557 GC heap before
{Heap before GC invocations=14 (full 0):
 garbage-first heap   total 223232K, used 219352K [0x0000000704a00000, 0x0000000800000000)
  region size 2048K, 28 young (57344K), 3 survivors (6144K)
 Metaspace       used 49805K, committed 50240K, reserved 1114112K
  class space    used 7031K, committed 7232K, reserved 1048576K
}
Event: 16.565 GC heap after
{Heap after GC invocations=15 (full 0):
 garbage-first heap   total 372736K, used 171839K [0x0000000704a00000, 0x0000000800000000)
  region size 2048K, 5 young (10240K), 5 survivors (10240K)
 Metaspace       used 49805K, committed 50240K, reserved 1114112K
  class space    used 7031K, committed 7232K, reserved 1048576K
}

