# JRE version: Java(TM) SE Runtime Environment (21.0.7+8) (build 21.0.7+8-LTS-245)
# Java VM: Java HotSpot(TM) 64-Bit Server VM (21.0.7+8-LTS-245, mixed mode, sharing, tiered, compressed oops, compressed class ptrs, g1 gc, windows-amd64)
GC Precious Log:
 CardTable entry size: 512
 Card Set container configuration: InlinePtr #cards 4 size 8 Array Of Cards #cards 16 size 48 Howl #buckets 8 coarsen threshold 3686 Howl Bitmap #cards 512 size 80 coarsen threshold 460 Card regions per heap region 1 cards per card region 4096
 CPUs: 12 total, 12 available
 Memory: 16085M
 Large Page Support: Disabled
 NUMA Support: Disabled
 Compressed Oops: Enabled (Zero based)
 Heap Region Size: 2M
 Heap Min Capacity: 8M
 Heap Initial Capacity: 252M
 Heap Max Capacity: 4022M
 Pre-touch: Disabled
 Parallel Workers: 10
 Concurrent Workers: 3
 Concurrent Refinement Workers: 10
 Periodic GC: Disabled
Heap:
 garbage-first heap   total 352256K, used 292239K [0x0000000704a00000, 0x0000000800000000)
  region size 2048K, 18 young (36864K), 4 survivors (8192K)
 Metaspace       used 51443K, committed 51904K, reserved 1114112K
  class space    used 7155K, committed 7360K, reserved 1048576K
GC Heap History (20 events):
Event: 1.466 GC heap before
{Heap before GC invocations=1 (full 0):
 garbage-first heap   total 258048K, used 37639K [0x0000000704a00000, 0x0000000800000000)
  region size 2048K, 20 young (40960K), 2 survivors (4096K)
 Metaspace       used 12403K, committed 12608K, reserved 1114112K
  class space    used 1562K, committed 1664K, reserved 1048576K
}
Event: 1.473 GC heap after
{Heap after GC invocations=2 (full 0):
 garbage-first heap   total 258048K, used 6600K [0x0000000704a00000, 0x0000000800000000)
  region size 2048K, 3 young (6144K), 3 survivors (6144K)
 Metaspace       used 12403K, committed 12608K, reserved 1114112K
  class space    used 1562K, committed 1664K, reserved 1048576K
}
Event: 2.090 GC heap before
{Heap before GC invocations=2 (full 0):
 garbage-first heap   total 258048K, used 22984K [0x0000000704a00000, 0x0000000800000000)
  region size 2048K, 13 young (26624K), 3 survivors (6144K)
 Metaspace       used 21259K, committed 21504K, reserved 1114112K
  class space    used 2597K, committed 2688K, reserved 1048576K
}
Event: 2.097 GC heap after
{Heap after GC invocations=3 (full 0):
 garbage-first heap   total 258048K, used 10442K [0x0000000704a00000, 0x0000000800000000)
  region size 2048K, 5 young (10240K), 5 survivors (10240K)
 Metaspace       used 21259K, committed 21504K, reserved 1114112K
  class space    used 2597K, committed 2688K, reserved 1048576K
}
Event: 2.483 GC heap before
{Heap before GC invocations=4 (full 0):
 garbage-first heap   total 49152K, used 47306K [0x0000000704a00000, 0x0000000800000000)
  region size 2048K, 23 young (47104K), 5 survivors (10240K)
 Metaspace       used 29097K, committed 29376K, reserved 1114112K
  class space    used 3788K, committed 3904K, reserved 1048576K
}
Event: 2.491 GC heap after
{Heap after GC invocations=5 (full 0):
 garbage-first heap   total 61440K, used 12041K [0x0000000704a00000, 0x0000000800000000)
  region size 2048K, 6 young (12288K), 6 survivors (12288K)
 Metaspace       used 29097K, committed 29376K, reserved 1114112K
  class space    used 3788K, committed 3904K, reserved 1048576K
}
Event: 2.986 GC heap before
{Heap before GC invocations=5 (full 0):
 garbage-first heap   total 61440K, used 36617K [0x0000000704a00000, 0x0000000800000000)
  region size 2048K, 18 young (36864K), 6 survivors (12288K)
 Metaspace       used 33222K, committed 33536K, reserved 1114112K
  class space    used 4382K, committed 4544K, reserved 1048576K
}
Event: 2.997 GC heap after
{Heap after GC invocations=6 (full 0):
 garbage-first heap   total 61440K, used 12344K [0x0000000704a00000, 0x0000000800000000)
  region size 2048K, 2 young (4096K), 2 survivors (4096K)
 Metaspace       used 33222K, committed 33536K, reserved 1114112K
  class space    used 4382K, committed 4544K, reserved 1048576K
}
Event: 3.201 GC heap before
{Heap before GC invocations=6 (full 0):
 garbage-first heap   total 61440K, used 20536K [0x0000000704a00000, 0x0000000800000000)
  region size 2048K, 7 young (14336K), 2 survivors (4096K)
 Metaspace       used 34993K, committed 35328K, reserved 1114112K
  class space    used 4660K, committed 4800K, reserved 1048576K
}
Event: 3.205 GC heap after
{Heap after GC invocations=7 (full 0):
 garbage-first heap   total 61440K, used 12327K [0x0000000704a00000, 0x0000000800000000)
  region size 2048K, 2 young (4096K), 2 survivors (4096K)
 Metaspace       used 34993K, committed 35328K, reserved 1114112K
  class space    used 4660K, committed 4800K, reserved 1048576K
}
Event: 3.561 GC heap before
{Heap before GC invocations=7 (full 0):
 garbage-first heap   total 116736K, used 69671K [0x0000000704a00000, 0x0000000800000000)
  region size 2048K, 4 young (8192K), 2 survivors (4096K)
 Metaspace       used 35683K, committed 36096K, reserved 1114112K
  class space    used 4802K, committed 4992K, reserved 1048576K
}
Event: 3.564 GC heap after
{Heap after GC invocations=8 (full 0):
 garbage-first heap   total 165888K, used 67745K [0x0000000704a00000, 0x0000000800000000)
  region size 2048K, 2 young (4096K), 2 survivors (4096K)
 Metaspace       used 35683K, committed 36096K, reserved 1114112K
  class space    used 4802K, committed 4992K, reserved 1048576K
}
Event: 3.729 GC heap before
{Heap before GC invocations=9 (full 0):
 garbage-first heap   total 165888K, used 75937K [0x0000000704a00000, 0x0000000800000000)
  region size 2048K, 7 young (14336K), 2 survivors (4096K)
 Metaspace       used 36894K, committed 37376K, reserved 1114112K
  class space    used 5045K, committed 5248K, reserved 1048576K
}
Event: 3.734 GC heap after
{Heap after GC invocations=10 (full 0):
 garbage-first heap   total 165888K, used 69620K [0x0000000704a00000, 0x0000000800000000)
  region size 2048K, 3 young (6144K), 3 survivors (6144K)
 Metaspace       used 36894K, committed 37376K, reserved 1114112K
  class space    used 5045K, committed 5248K, reserved 1048576K
}
Event: 4.335 GC heap before
{Heap before GC invocations=10 (full 0):
 garbage-first heap   total 165888K, used 116724K [0x0000000704a00000, 0x0000000800000000)
  region size 2048K, 17 young (34816K), 3 survivors (6144K)
 Metaspace       used 41786K, committed 42240K, reserved 1114112K
  class space    used 6002K, committed 6208K, reserved 1048576K
}
Event: 4.341 GC heap after
{Heap after GC invocations=11 (full 0):
 garbage-first heap   total 165888K, used 92013K [0x0000000704a00000, 0x0000000800000000)
  region size 2048K, 4 young (8192K), 4 survivors (8192K)
 Metaspace       used 41786K, committed 42240K, reserved 1114112K
  class space    used 6002K, committed 6208K, reserved 1048576K
}
Event: 10.202 GC heap before
{Heap before GC invocations=12 (full 0):
 garbage-first heap   total 165888K, used 96109K [0x0000000704a00000, 0x0000000800000000)
  region size 2048K, 6 young (12288K), 4 survivors (8192K)
 Metaspace       used 42247K, committed 42752K, reserved 1114112K
  class space    used 6026K, committed 6272K, reserved 1048576K
}
Event: 10.208 GC heap after
{Heap after GC invocations=13 (full 0):
 garbage-first heap   total 165888K, used 94518K [0x0000000704a00000, 0x0000000800000000)
  region size 2048K, 3 young (6144K), 3 survivors (6144K)
 Metaspace       used 42247K, committed 42752K, reserved 1114112K
  class space    used 6026K, committed 6272K, reserved 1048576K
}
Event: 11.137 GC heap before
{Heap before GC invocations=14 (full 0):
 garbage-first heap   total 212992K, used 209206K [0x0000000704a00000, 0x0000000800000000)
  region size 2048K, 25 young (51200K), 3 survivors (6144K)
 Metaspace       used 48937K, committed 49408K, reserved 1114112K
  class space    used 6965K, committed 7168K, reserved 1048576K
}
Event: 11.145 GC heap after
{Heap after GC invocations=15 (full 0):
 garbage-first heap   total 284672K, used 167311K [0x0000000704a00000, 0x0000000800000000)
  region size 2048K, 4 young (8192K), 4 survivors (8192K)
 Metaspace       used 48937K, committed 49408K, reserved 1114112K
  class space    used 6965K, committed 7168K, reserved 1048576K
}

